<?xml version="1.0" encoding="UTF-8"?>
<!-- Generated by org.testng.reporters.JUnitReportReporter -->
<testsuite hostname="DESKTOP-77HQL3O" failures="0" tests="1" name="Testng.CreateOrgWithIndustry" time="50.552" errors="0" timestamp="2022-09-08T21:15:42 IST" skipped="0">
  <testcase classname="Testng.CreateOrgWithIndustry" name="createOrgWithIndustryTest" time="50.552"/>
  <system-out>
---click on org link--- ---click on create new org lookup img--- ---new org created---  </system-out>
</testsuite> <!-- Testng.CreateOrgWithIndustry -->
