<?xml version="1.0" encoding="UTF-8"?>
<!-- Generated by org.testng.reporters.JUnitReportReporter -->
<testsuite hostname="DESKTOP-77HQL3O" failures="0" tests="1" name="Testng.OrganizationTest" time="33.376" errors="0" timestamp="2022-09-07T19:51:34 IST" skipped="0">
  <testcase classname="Testng.OrganizationTest" name="createOrgWithIndustryTest" time="33.376"/>
  <system-out>
---click on org link--- ---click on create new org lookup img---  </system-out>
</testsuite> <!-- Testng.OrganizationTest -->
