<?xml version="1.0" encoding="UTF-8"?>
<!-- Generated by org.testng.reporters.JUnitReportReporter -->
<testsuite hostname="DESKTOP-77HQL3O" failures="0" tests="1" name="Testng.CreateMultipleOrgDataProviderTest" time="0.000" errors="0" timestamp="2022-09-07T14:46:11 IST" skipped="1">
  <testcase classname="Testng.CreateMultipleOrgDataProviderTest" name="createMultipleOrgTest" time="0.000">
    <skipped/>
  </testcase> <!-- createMultipleOrgTest -->
  <system-out/>
</testsuite> <!-- Testng.CreateMultipleOrgDataProviderTest -->
