<?xml version="1.0" encoding="UTF-8"?>
<!-- Generated by org.testng.reporters.JUnitReportReporter -->
<testsuite hostname="DESKTOP-77HQL3O" failures="0" tests="1" name="TestngGroup.OrganizationTest" time="85.602" errors="0" timestamp="2022-09-08T11:35:18 IST" skipped="0">
  <testcase classname="TestngGroup.OrganizationTest" name="createOrgWithIndustryTest" time="85.602"/>
  <system-out>
---click on org link--- ---click on create new org lookup img---  </system-out>
</testsuite> <!-- TestngGroup.OrganizationTest -->
