<?xml version="1.0" encoding="UTF-8"?>
<!-- Generated by org.testng.reporters.JUnitReportReporter -->
<testsuite hostname="DESKTOP-77HQL3O" failures="0" tests="1" name="Testng.CreateContactWithOrganisationTest" time="12.339" errors="0" timestamp="2022-09-07T14:46:11 IST" skipped="0">
  <testcase classname="Testng.CreateContactWithOrganisationTest" name="createContactwithOrgaTest" time="12.339"/>
  <system-out/>
</testsuite> <!-- Testng.CreateContactWithOrganisationTest -->
